<?xml version="1.0" encoding="UTF-8"?>
<!-- Generated by org.testng.reporters.JUnitReportReporter -->
<testsuite skipped="0" hostname="MBP-2.local" name="core.testGeoPluginXML" tests="1" failures="0" timestamp="2021-06-17T00:09:47 PDT" time="4.613" errors="0">
  <testcase name="geoPluginXML" time="4.613" classname="core.testGeoPluginXML"/>
  <system-out/>
</testsuite> <!-- core.testGeoPluginXML -->
