<?xml version="1.0" encoding="UTF-8"?>
<!-- Generated by org.testng.reporters.JUnitReportReporter -->
<testsuite skipped="0" hostname="MBP-2.local" name="core.testGeoPluginJSON" tests="1" failures="0" timestamp="2021-06-16T23:57:12 PDT" time="4.135" errors="0">
  <testcase name="geoPluginJSON" time="4.135" classname="core.testGeoPluginJSON"/>
  <system-out/>
</testsuite> <!-- core.testGeoPluginJSON -->
